<?xml version="1.0" encoding="UTF-8"?>
<!-- Generated by org.testng.reporters.JUnitReportReporter -->
<testsuite skipped="0" hostname="BLRLW8335" name="com.rest.qa.GetWeatherREST" tests="1" failures="0" timestamp="2020-01-20T22:21:19 IST" time="3.714" errors="0">
  <testcase name="verifyGetweatherAPI" time="3.714" classname="com.rest.qa.GetWeatherREST"/>
</testsuite> <!-- com.rest.qa.GetWeatherREST -->
