<?xml version="1.0" encoding="UTF-8"?>
<!-- Generated by org.testng.reporters.JUnitReportReporter -->
<testsuite skipped="0" hostname="BLRLW8335" name="com.rest.qa.VerifyStatusLine" tests="1" failures="0" timestamp="2020-01-21T18:25:21 IST" time="2.845" errors="0">
  <testcase name="verifyStatusLine" time="2.845" classname="com.rest.qa.VerifyStatusLine"/>
</testsuite> <!-- com.rest.qa.VerifyStatusLine -->
