<?xml version="1.0" encoding="UTF-8"?>
<!-- Generated by org.testng.reporters.JUnitReportReporter -->
<testsuite skipped="0" hostname="BLRLW8335" name="com.dummy.apiTest.createREmployeeAPI" tests="1" failures="0" timestamp="2020-01-23T20:18:35 IST" time="5.024" errors="0">
  <testcase name="createUserAPITest" time="5.024" classname="com.dummy.apiTest.createREmployeeAPI"/>
</testsuite> <!-- com.dummy.apiTest.createREmployeeAPI -->
