<?xml version="1.0" encoding="UTF-8"?>
<!-- Generated by org.testng.reporters.JUnitReportReporter -->
<testsuite skipped="0" hostname="BLRLW8335" name="com.rest.qa.VerifyResponseBody" tests="1" failures="0" timestamp="2020-01-21T20:14:37 IST" time="4.304" errors="0">
  <testcase name="verfiyResponseBody" time="4.304" classname="com.rest.qa.VerifyResponseBody"/>
</testsuite> <!-- com.rest.qa.VerifyResponseBody -->
