<?xml version="1.0" encoding="UTF-8"?>
<!-- Generated by org.testng.reporters.JUnitReportReporter -->
<testsuite skipped="0" hostname="BLRLW8335" name="com.rest.qa.VerifyResponseHeader" tests="1" failures="0" timestamp="2020-01-21T19:28:03 IST" time="4.411" errors="0">
  <testcase name="verifyResponseHeader" time="4.411" classname="com.rest.qa.VerifyResponseHeader"/>
</testsuite> <!-- com.rest.qa.VerifyResponseHeader -->
