<?xml version="1.0" encoding="UTF-8"?>
<!-- Generated by org.testng.reporters.JUnitReportReporter -->
<testsuite skipped="0" hostname="BLRLW8335" name="com.dummy.authentication.UserAuthenticationAPITest" tests="2" failures="0" timestamp="2020-01-24T22:14:27 IST" time="4.413" errors="0">
  <testcase name="userLoginFailTest" time="2.993" classname="com.dummy.authentication.UserAuthenticationAPITest"/>
  <testcase name="userLoginPassTest" time="1.420" classname="com.dummy.authentication.UserAuthenticationAPITest"/>
</testsuite> <!-- com.dummy.authentication.UserAuthenticationAPITest -->
