<?xml version="1.0" encoding="UTF-8"?>
<!-- Generated by org.testng.reporters.JUnitReportReporter -->
<testsuite skipped="0" hostname="BLRLW8335" name="com.jsonClass.DeserializeCreateEmployeeResponse" tests="1" failures="0" timestamp="2020-01-24T20:07:04 IST" time="3.878" errors="0">
  <testcase name="verifyCreateUserAPI" time="3.878" classname="com.jsonClass.DeserializeCreateEmployeeResponse"/>
</testsuite> <!-- com.jsonClass.DeserializeCreateEmployeeResponse -->
