<?xml version="1.0" encoding="UTF-8"?>
<!-- Generated by org.testng.reporters.JUnitReportReporter -->
<testsuite skipped="0" hostname="BLRLW8335" name="com.rest.qa.simpleGetTest" tests="1" failures="0" timestamp="2020-01-20T22:13:34 IST" time="4.302" errors="0">
  <testcase name="getWeatherDetails" time="4.302" classname="com.rest.qa.simpleGetTest"/>
</testsuite> <!-- com.rest.qa.simpleGetTest -->
